<?xml version="1.0" encoding="UTF-8"?>
<testng-results skipped="0" failed="0" ignored="0" total="3" passed="3">
  <reporter-output>
  </reporter-output>
  <suite name="Default suite" duration-ms="27737" started-at="2023-03-15T09:47:50 IST" finished-at="2023-03-15T09:48:18 IST">
    <groups>
      <group name="cucumber">
        <method signature="AbstractTestNGCucumberTests.runScenario(io.cucumber.testng.PickleWrapper,io.cucumber.testng.FeatureWrapper)[pri:0, instance:runners.Pagerunner@78186a70]" name="runScenario" class="io.cucumber.testng.AbstractTestNGCucumberTests"/>
      </group> <!-- cucumber -->
    </groups>
    <test name="Default test" duration-ms="27737" started-at="2023-03-15T09:47:50 IST" finished-at="2023-03-15T09:48:18 IST">
      <class name="runners.Pagerunner">
        <test-method status="PASS" signature="setUpClass(org.testng.ITestContext)[pri:0, instance:runners.Pagerunner@78186a70]" name="setUpClass" is-config="true" duration-ms="2672" started-at="2023-03-15T09:47:50 IST" finished-at="2023-03-15T09:47:53 IST">
          <params>
            <param index="0">
              <value>
                <![CDATA[org.testng.TestRunner@712cfb63]]>
              </value>
            </param>
          </params>
          <reporter-output>
          </reporter-output>
        </test-method> <!-- setUpClass -->
        <test-method status="PASS" signature="runScenario(io.cucumber.testng.PickleWrapper,io.cucumber.testng.FeatureWrapper)[pri:0, instance:runners.Pagerunner@78186a70]" name="runScenario" duration-ms="11411" started-at="2023-03-15T09:47:53 IST" description="Runs Cucumber Scenarios" data-provider="scenarios" finished-at="2023-03-15T09:48:04 IST">
          <params>
            <param index="0">
              <value>
                <![CDATA["Add Item to cart"]]>
              </value>
            </param>
            <param index="1">
              <value>
                <![CDATA["Item purchase"]]>
              </value>
            </param>
          </params>
          <reporter-output>
          </reporter-output>
        </test-method> <!-- runScenario -->
        <test-method status="PASS" signature="runScenario(io.cucumber.testng.PickleWrapper,io.cucumber.testng.FeatureWrapper)[pri:0, instance:runners.Pagerunner@78186a70]" name="runScenario" duration-ms="117" started-at="2023-03-15T09:48:05 IST" description="Runs Cucumber Scenarios" data-provider="scenarios" finished-at="2023-03-15T09:48:05 IST">
          <params>
            <param index="0">
              <value>
                <![CDATA["Delete an Item"]]>
              </value>
            </param>
            <param index="1">
              <value>
                <![CDATA["Item purchase"]]>
              </value>
            </param>
          </params>
          <reporter-output>
          </reporter-output>
        </test-method> <!-- runScenario -->
        <test-method status="PASS" signature="runScenario(io.cucumber.testng.PickleWrapper,io.cucumber.testng.FeatureWrapper)[pri:0, instance:runners.Pagerunner@78186a70]" name="runScenario" duration-ms="10116" started-at="2023-03-15T09:48:05 IST" description="Runs Cucumber Scenarios" data-provider="scenarios" finished-at="2023-03-15T09:48:15 IST">
          <params>
            <param index="0">
              <value>
                <![CDATA["place order"]]>
              </value>
            </param>
            <param index="1">
              <value>
                <![CDATA["Item purchase"]]>
              </value>
            </param>
          </params>
          <reporter-output>
          </reporter-output>
        </test-method> <!-- runScenario -->
        <test-method status="PASS" signature="tearDownClass()[pri:0, instance:runners.Pagerunner@78186a70]" name="tearDownClass" is-config="true" duration-ms="3355" started-at="2023-03-15T09:48:15 IST" finished-at="2023-03-15T09:48:18 IST">
          <reporter-output>
          </reporter-output>
        </test-method> <!-- tearDownClass -->
      </class> <!-- runners.Pagerunner -->
    </test> <!-- Default test -->
  </suite> <!-- Default suite -->
</testng-results>
